1510661247.331535 client started (2950): version 2.5, socket /private/tmp/tmux-501/default, protocol 8
1510661247.331570 on Darwin 16.7.0 Darwin Kernel Version 16.7.0: Wed Oct  4 00:17:00 PDT 2017; root:xnu-3789.71.6~1/RELEASE_X86_64; libevent 2.1.8-stable (select)
1510661247.331606 socket is /private/tmp/tmux-501/default
1510661247.331619 trying connect
1510661247.331697 add peer 0x7ff60b002000: 6 (0x0)
1510661247.332840 sending message 100 to peer 0x7ff60b002000 (4 bytes)
1510661247.332866 sending message 101 to peer 0x7ff60b002000 (15 bytes)
1510661247.332871 sending message 102 to peer 0x7ff60b002000 (13 bytes)
1510661247.332874 sending message 108 to peer 0x7ff60b002000 (23 bytes)
1510661247.332885 sending message 104 to peer 0x7ff60b002000 (0 bytes)
1510661247.332889 sending message 107 to peer 0x7ff60b002000 (4 bytes)
1510661247.332892 sending message 105 to peer 0x7ff60b002000 (16 bytes)
1510661247.332895 sending message 105 to peer 0x7ff60b002000 (23 bytes)
1510661247.332899 sending message 105 to peer 0x7ff60b002000 (14 bytes)
1510661247.332902 sending message 105 to peer 0x7ff60b002000 (20 bytes)
1510661247.332905 sending message 105 to peer 0x7ff60b002000 (16 bytes)
1510661247.332908 sending message 105 to peer 0x7ff60b002000 (57 bytes)
1510661247.332911 sending message 105 to peer 0x7ff60b002000 (76 bytes)
1510661247.332914 sending message 105 to peer 0x7ff60b002000 (27 bytes)
1510661247.332918 sending message 105 to peer 0x7ff60b002000 (60 bytes)
1510661247.332921 sending message 105 to peer 0x7ff60b002000 (27 bytes)
1510661247.332924 sending message 105 to peer 0x7ff60b002000 (12 bytes)
1510661247.332927 sending message 105 to peer 0x7ff60b002000 (66 bytes)
1510661247.332930 sending message 105 to peer 0x7ff60b002000 (38 bytes)
1510661247.332933 sending message 105 to peer 0x7ff60b002000 (50 bytes)
1510661247.332936 sending message 105 to peer 0x7ff60b002000 (46 bytes)
1510661247.332940 sending message 105 to peer 0x7ff60b002000 (27 bytes)
1510661247.332943 sending message 105 to peer 0x7ff60b002000 (67 bytes)
1510661247.332946 sending message 105 to peer 0x7ff60b002000 (17 bytes)
1510661247.332949 sending message 105 to peer 0x7ff60b002000 (22 bytes)
1510661247.332952 sending message 105 to peer 0x7ff60b002000 (14 bytes)
1510661247.332955 sending message 105 to peer 0x7ff60b002000 (19 bytes)
1510661247.332958 sending message 105 to peer 0x7ff60b002000 (8 bytes)
1510661247.332962 sending message 105 to peer 0x7ff60b002000 (19 bytes)
1510661247.332965 sending message 105 to peer 0x7ff60b002000 (15 bytes)
1510661247.332968 sending message 105 to peer 0x7ff60b002000 (61 bytes)
1510661247.332971 sending message 105 to peer 0x7ff60b002000 (15 bytes)
1510661247.332976 sending message 105 to peer 0x7ff60b002000 (42 bytes)
1510661247.332979 sending message 105 to peer 0x7ff60b002000 (24 bytes)
1510661247.332982 sending message 105 to peer 0x7ff60b002000 (20 bytes)
1510661247.332985 sending message 105 to peer 0x7ff60b002000 (22 bytes)
1510661247.332989 sending message 105 to peer 0x7ff60b002000 (60 bytes)
1510661247.332992 sending message 105 to peer 0x7ff60b002000 (17 bytes)
1510661247.332995 sending message 105 to peer 0x7ff60b002000 (15 bytes)
1510661247.332998 sending message 106 to peer 0x7ff60b002000 (0 bytes)
1510661247.333005 sending message 200 to peer 0x7ff60b002000 (4 bytes)
1510661247.333010 client loop enter
1510661247.333911 peer 0x7ff60b002000 message 207
1510661247.333923 sending message 208 to peer 0x7ff60b002000 (0 bytes)
1510661250.964729 peer 0x7ff60b002000 message 203
1510661250.964753 sending message 205 to peer 0x7ff60b002000 (0 bytes)
1510661250.965001 peer 0x7ff60b002000 message 204
1510661250.965013 client loop exit
